<?xml version="1.0" encoding="UTF-8"?>
<!-- Generated by org.testng.reporters.JUnitReportReporter -->
<testsuite hostname="ABHIAKSHU" failures="0" tests="1" name="Demo.TestCheck" time="0.009" errors="0" timestamp="2024-02-18T14:42:03 IST" skipped="0">
  <testcase classname="Demo.TestCheck" name="test" time="0.009"/>
</testsuite> <!-- Demo.TestCheck -->
